Run 000:	1.7232 seconds
Run 001:	1.8543 seconds
Run 002:	1.8542 seconds
Run 003:	1.7642 seconds
Run 004:	1.8544 seconds
Run 005:	1.7115 seconds
Run 006:	2.1186 seconds
Run 007:	2.1079 seconds
Run 008:	1.7143 seconds
Run 009:	2.1107 seconds
Run 010:	2.2115 seconds
Run 011:	1.6761 seconds
Run 012:	1.8745 seconds
Run 013:	1.6664 seconds
Run 014:	2.2145 seconds
Run 015:	2.2862 seconds
Run 016:	2.1132 seconds
Run 017:	2.1251 seconds
Run 018:	1.6825 seconds
Run 019:	1.9456 seconds
Run 020:	1.7665 seconds
Run 021:	1.6649 seconds
Run 022:	1.7341 seconds
Run 023:	2.1346 seconds
Run 024:	2.1147 seconds
---
Best run: 1.6649
Worst run: 2.2862
Average run: 1.9209
Build graph time: 4.6958
Number of warmup runs: 10
Number of test runs: 25
